LOG: 6291456 - (NOPEP) 14.502314s
LOG: 6291456 - (PEP) 9.381255s
LOG: 6291456 - (PEP) 9.375589s
LOG: 6291456 - (PEP) 9.292844s
LOG: 6291456 - (NOPEP) 72.863116s
LOG: 6291456 - (NOPEP) 827.968442s
LOG: 6291456 - (PEP) 9.385722s
LOG: 6291456 - (NOPEP) 20.650682s
LOG: 6291456 - (NOPEP) 22.720461s
LOG: 6291456 - (PEP) 9.083130s
LOG: 6291456 - (PEP) 9.078317s
LOG: 6291456 - (NOPEP) 22.271450s
LOG: 6291456 - (NOPEP) 9.338427s
LOG: 6291456 - (NOPEP) 8.995620s
LOG: 6291456 - (NOPEP) 5.989362s
LOG: 6291456 - (NOPEP) 7.478682s
LOG: 6291456 - (PEP) 8.995949s
LOG: 6291456 - (PEP) 9.484556s
LOG: 6291456 - (NOPEP) 10.875464s
LOG: 6291456 - (PEP) 9.403456s
LOG: 6291456 - (NOPEP) 19.550004s
LOG: 6291456 - (PEP) 9.303216s
LOG: 6291456 - (PEP) 9.195167s
LOG: 6291456 - (PEP) 9.202609s
LOG: 6291456 - (PEP) 0.336140s
LOG: 6291456 - (NOPEP) 0.968457s
LOG: 6291456 - (NOPEP) 13.006092s
LOG: 6291456 - (NOPEP) 10.350067s
LOG: 6291456 - (NOPEP) 14.498065s
LOG: 6291456 - (NOPEP) 15.118291s
LOG: 6291456 - (NOPEP) 16.543092s
LOG: 6291456 - (NOPEP) 14.854723s
[2023-05-04 07:30:04] LOG: 6291456 - (NOPEP) 16.206166s

[2023-05-04 07:31:47] LOG: 6291456 - (NOPEP) 14.525752s

[2023-05-04 07:33:04] LOG: 6.000000mb - (NOPEP) 15.775029s

[2023-05-04 07:42:55] LOG: 6.0mb - (NOPEP) 17.343383s

[2023-05-04 07:45:46] LOG: 6.0mb - (NOPEP) 16.342677s

LOG [2023-05-04 07:57:23] 6.0mb 18.003548s (NOPEP)
LOG [2023-05-04 08:04:05] 6.0mb 18.114818s (NOPEP)
LOG [2023-05-04 08:09:16] 6.0mb 15.791982s (NOPEP)
LOG [2023-05-04 08:12:38] 6.0mb 14.234672s (NOPEP)
LOG [2023-05-04 08:36:23] 6.0mb 17.769911s (NOPEP)
LOG [2023-05-04 08:43:39] 6.0mb 12.361331s (NOPEP)
LOG [2023-05-04 08:44:26] 6.0mb 9.535747s (PEP)
LOG [2023-05-04 08:44:59] 6.0mb 9.387923s (PEP)
LOG [2023-05-04 08:46:26] 6.0mb 9.199557s (PEP)
LOG [2023-05-04 08:47:44] 6.0mb 18.398864s (NOPEP)
LOG [2023-05-04 08:50:48] 6.0mb 8.089471s (NOPEP)
