This is pdfTeX, Version 3.141592653-2.6-1.40.24 (MiKTeX 22.7) (preloaded format=pdflatex 2022.9.11)  29 SEP 2023 19:04
entering extended mode
 restricted \write18 enabled.
 %&-line parsing enabled.
**./uio-master.tex
(uio-master.tex
LaTeX2e <2022-06-01> patch level 5
L3 programming layer <2022-07-04>
(C:\Users\Joe Bayer\AppData\Local\Programs\MiKTeX\tex/latex/base\report.cls
Document Class: report 2021/10/04 v1.4n Standard LaTeX document class
(C:\Users\Joe Bayer\AppData\Local\Programs\MiKTeX\tex/latex/base\size11.clo
File: size11.clo 2021/10/04 v1.4n Standard LaTeX file (size option)
)
\c@part=\count185
\c@chapter=\count186
\c@section=\count187
\c@subsection=\count188
\c@subsubsection=\count189
\c@paragraph=\count190
\c@subparagraph=\count191
\c@figure=\count192
\c@table=\count193
\abovecaptionskip=\skip47
\belowcaptionskip=\skip48
\bibindent=\dimen138
)
(C:\Users\Joe Bayer\AppData\Local\Programs\MiKTeX\tex/latex/base\inputenc.sty
Package: inputenc 2021/02/14 v1.3d Input encoding file
\inpenc@prehook=\toks16
\inpenc@posthook=\toks17
)
(C:\Users\Joe Bayer\AppData\Local\Programs\MiKTeX\tex/latex/base\fontenc.sty
Package: fontenc 2021/04/29 v2.0v Standard LaTeX package
)
(uiomasterfp.sty
Package: uiomasterfp 2022/07/27 v1.4 UiO master's thesis front page class

(C:\Users\Joe Bayer\AppData\Local\Programs\MiKTeX\tex/latex/graphics\color.sty
Package: color 2022/01/06 v1.3d Standard LaTeX Color (DPC)

(C:\Users\Joe Bayer\AppData\Local\Programs\MiKTeX\tex/latex/graphics-cfg\color.
cfg
File: color.cfg 2016/01/02 v1.6 sample color configuration
)
Package color Info: Driver file: pdftex.def on input line 149.

(C:\Users\Joe Bayer\AppData\Local\Programs\MiKTeX\tex/latex/graphics-def\pdftex
.def
File: pdftex.def 2020/10/05 v1.2a Graphics/color driver for pdftex
)
(C:\Users\Joe Bayer\AppData\Local\Programs\MiKTeX\tex/latex-dev/graphics\mathco
lor.ltx))
(C:\Users\Joe Bayer\AppData\Local\Programs\MiKTeX\tex/latex/eso-pic\eso-pic.sty
Package: eso-pic 2020/10/14 v3.0a eso-pic (RN)
\ESO@tempdima=\dimen139
\ESO@tempdimb=\dimen140

(C:\Users\Joe Bayer\AppData\Local\Programs\MiKTeX\tex/latex/graphics\keyval.sty
Package: keyval 2022/05/29 v1.15 key=value parser (DPC)
\KV@toks@=\toks18
))
(C:\Users\Joe Bayer\AppData\Local\Programs\MiKTeX\tex/latex/graphics\graphicx.s
ty
Package: graphicx 2021/09/16 v1.2d Enhanced LaTeX Graphics (DPC,SPQR)

(C:\Users\Joe Bayer\AppData\Local\Programs\MiKTeX\tex/latex/graphics\graphics.s
ty
Package: graphics 2022/03/10 v1.4e Standard LaTeX Graphics (DPC,SPQR)

(C:\Users\Joe Bayer\AppData\Local\Programs\MiKTeX\tex/latex/graphics\trig.sty
Package: trig 2021/08/11 v1.11 sin cos tan (DPC)
)
(C:\Users\Joe Bayer\AppData\Local\Programs\MiKTeX\tex/latex/graphics-cfg\graphi
cs.cfg
File: graphics.cfg 2016/06/04 v1.11 sample graphics configuration
)
Package graphics Info: Driver file: pdftex.def on input line 107.
)
\Gin@req@height=\dimen141
\Gin@req@width=\dimen142
)
(C:\Users\Joe Bayer\AppData\Local\Programs\MiKTeX\tex/latex/xifthen\xifthen.sty
Package: xifthen 2015/11/05 v1.4.0 Extended ifthen features
(C:\Users\Joe Bayer\AppData\Local\Programs\MiKTeX\tex/latex/tools\calc.sty
Package: calc 2017/05/25 v4.3 Infix arithmetic (KKT,FJ)
\calc@Acount=\count194
\calc@Bcount=\count195
\calc@Adimen=\dimen143
\calc@Bdimen=\dimen144
\calc@Askip=\skip49
\calc@Bskip=\skip50
LaTeX Info: Redefining \setlength on input line 80.
LaTeX Info: Redefining \addtolength on input line 81.
\calc@Ccount=\count196
\calc@Cskip=\skip51
)
(C:\Users\Joe Bayer\AppData\Local\Programs\MiKTeX\tex/latex/base\ifthen.sty
Package: ifthen 2022/04/13 v1.1d Standard LaTeX ifthen package (DPC)
)
(C:\Users\Joe Bayer\AppData\Local\Programs\MiKTeX\tex/latex/ifmtarg\ifmtarg.sty
Package: ifmtarg 2018/04/16 v1.2b check for an empty argument
))
(C:\Users\Joe Bayer\AppData\Local\Programs\MiKTeX\tex/latex/type1cm\type1cm.sty
Package: type1cm 2002/09/05 v0.04 BlueSky/Y&Y Type1 CM font definitions (DPC, p
atched RF)
)
(C:\Users\Joe Bayer\AppData\Local\Programs\MiKTeX\tex/latex/cm-super\type1ec.st
y
Package: type1ec 2002/09/07 v1.1 Type1 EC font definitions (for CM-Super fonts)

 (C:\Users\Joe Bayer\AppData\Local\Programs\MiKTeX\tex/latex/base\t1cmr.fd
File: t1cmr.fd 2019/12/16 v2.5j Standard LaTeX font definitions
))
\c@uiomfp@cur@year=\count197
\c@uiomfp@cur@month=\count198
\c@uiomfp@bind@w=\count199
)
(C:\Users\Joe Bayer\AppData\Local\Programs\MiKTeX\tex/latex/psnfss\helvet.sty
Package: helvet 2020/03/25 PSNFSS-v9.3 (WaS) 
)
(C:\Users\Joe Bayer\AppData\Local\Programs\MiKTeX\tex/latex/url\url.sty
\Urlmuskip=\muskip16
Package: url 2013/09/16  ver 3.4  Verb mode for urls, etc.
)
(C:\Users\Joe Bayer\AppData\Local\Programs\MiKTeX\tex/latex/listings\listings.s
ty
\lst@mode=\count266
\lst@gtempboxa=\box51
\lst@token=\toks19
\lst@length=\count267
\lst@currlwidth=\dimen145
\lst@column=\count268
\lst@pos=\count269
\lst@lostspace=\dimen146
\lst@width=\dimen147
\lst@newlines=\count270
\lst@lineno=\count271
\lst@maxwidth=\dimen148

(C:\Users\Joe Bayer\AppData\Local\Programs\MiKTeX\tex/latex/listings\lstmisc.st
y
File: lstmisc.sty 2020/03/24 1.8d (Carsten Heinz)
\c@lstnumber=\count272
\lst@skipnumbers=\count273
\lst@framebox=\box52
)
(C:\Users\Joe Bayer\AppData\Local\Programs\MiKTeX\tex/latex/listings\listings.c
fg
File: listings.cfg 2020/03/24 1.8d listings configuration
))
Package: listings 2020/03/24 1.8d (Carsten Heinz)

(C:\Users\Joe Bayer\AppData\Local\Programs\MiKTeX\tex/latex/xcolor\xcolor.sty
Package: xcolor 2022/06/12 v2.14 LaTeX color extensions (UK)

(C:\Users\Joe Bayer\AppData\Local\Programs\MiKTeX\tex/latex/graphics-cfg\color.
cfg
File: color.cfg 2016/01/02 v1.6 sample color configuration
)
Package xcolor Info: Driver file: pdftex.def on input line 227.
LaTeX Info: Redefining \color on input line 711.

(C:\Users\Joe Bayer\AppData\Local\Programs\MiKTeX\tex/latex-dev/graphics\mathco
lor.ltx)
Package xcolor Info: Model `cmy' substituted by `cmy0' on input line 1353.
Package xcolor Info: Model `hsb' substituted by `rgb' on input line 1357.
Package xcolor Info: Model `RGB' extended on input line 1369.
Package xcolor Info: Model `HTML' substituted by `rgb' on input line 1371.
Package xcolor Info: Model `Hsb' substituted by `hsb' on input line 1372.
Package xcolor Info: Model `tHsb' substituted by `hsb' on input line 1373.
Package xcolor Info: Model `HSB' substituted by `hsb' on input line 1374.
Package xcolor Info: Model `Gray' substituted by `gray' on input line 1375.
Package xcolor Info: Model `wave' substituted by `hsb' on input line 1376.
)
(C:\Users\Joe Bayer\AppData\Local\Programs\MiKTeX\tex/latex/l3backend\l3backend
-pdftex.def
File: l3backend-pdftex.def 2022-07-01 L3 backend support: PDF output (pdfTeX)
\l__color_backend_stack_int=\count274
\l__pdf_internal_box=\box53
) (uio-master.aux

LaTeX Warning: Label `fig:blockage' multiply defined.

)
\openout1 = `uio-master.aux'.

LaTeX Font Info:    Checking defaults for OML/cmm/m/it on input line 43.
LaTeX Font Info:    ... okay on input line 43.
LaTeX Font Info:    Checking defaults for OMS/cmsy/m/n on input line 43.
LaTeX Font Info:    ... okay on input line 43.
LaTeX Font Info:    Checking defaults for OT1/cmr/m/n on input line 43.
LaTeX Font Info:    ... okay on input line 43.
LaTeX Font Info:    Checking defaults for T1/cmr/m/n on input line 43.
LaTeX Font Info:    ... okay on input line 43.
LaTeX Font Info:    Checking defaults for TS1/cmr/m/n on input line 43.
LaTeX Font Info:    ... okay on input line 43.
LaTeX Font Info:    Checking defaults for OMX/cmex/m/n on input line 43.
LaTeX Font Info:    ... okay on input line 43.
LaTeX Font Info:    Checking defaults for U/cmr/m/n on input line 43.
LaTeX Font Info:    ... okay on input line 43.

(C:\Users\Joe Bayer\AppData\Local\Programs\MiKTeX\tex/context/base/mkii\supp-pd
f.mkii
[Loading MPS to PDF converter (version 2006.09.02).]
\scratchcounter=\count275
\scratchdimen=\dimen149
\scratchbox=\box54
\nofMPsegments=\count276
\nofMParguments=\count277
\everyMPshowfont=\toks20
\MPscratchCnt=\count278
\MPscratchDim=\dimen150
\MPnumerator=\count279
\makeMPintoPDFobject=\count280
\everyMPtoPDFconversion=\toks21
)
(C:\Users\Joe Bayer\AppData\Local\Programs\MiKTeX\tex/latex/epstopdf-pkg\epstop
df-base.sty
Package: epstopdf-base 2020-01-24 v2.11 Base part for package epstopdf
Package epstopdf-base Info: Redefining graphics rule for `.eps' on input line 4
85.

(C:\Users\Joe Bayer\AppData\Local\Programs\MiKTeX\tex/latex/00miktex\epstopdf-s
ys.cfg
File: epstopdf-sys.cfg 2021/03/18 v2.0 Configuration of epstopdf for MiKTeX
))
\c@lstlisting=\count281
LaTeX Font Info:    Trying to load font information for T1+phv on input line 45
.

(C:\Users\Joe Bayer\AppData\Local\Programs\MiKTeX\tex/latex/psnfss\t1phv.fd
File: t1phv.fd 2020/03/25 scalable font definitions for T1/phv.
)
LaTeX Font Info:    Font shape `T1/phv/m/n' will be
(Font)              scaled to size 13.29996pt on input line 45.
LaTeX Font Info:    Font shape `T1/phv/m/n' will be
(Font)              scaled to size 5.69998pt on input line 45.
<uio-fp-navn-eng.pdf, id=1, 469.755pt x 123.46124pt>
File: uio-fp-navn-eng.pdf Graphic file (type pdf)
<use uio-fp-navn-eng.pdf>
Package pdftex.def Info: uio-fp-navn-eng.pdf  used on input line 45.
(pdftex.def)             Requested size: 138.56935pt x 36.41953pt.
LaTeX Font Info:    Font shape `T1/phv/b/n' will be
(Font)              scaled to size 13.29996pt on input line 45.
<uio-fp-segl.pdf, id=2, 232.87pt x 232.87pt>
File: uio-fp-segl.pdf Graphic file (type pdf)
<use uio-fp-segl.pdf>
Package pdftex.def Info: uio-fp-segl.pdf  used on input line 45.
(pdftex.def)             Requested size: 67.43301pt x 67.43106pt.
LaTeX Font Info:    Font shape `T1/phv/m/n' will be
(Font)              scaled to size 30.3999pt on input line 45.


Package xcolor Warning: Incompatible color definition on input line 45.


Package xcolor Warning: Incompatible color definition on input line 45.

[1

{C:/Users/Joe Bayer/AppData/Local/MiKTeX/fonts/map/pdftex/pdftex.map} <./uio-fp
-navn-eng.pdf> <./uio-fp-segl.pdf>]
LaTeX Font Info:    Font shape `T1/phv/m/n' will be
(Font)              scaled to size 18.99994pt on input line 45.
 [1] (uio-master.toc [1

])
\tf@toc=\write3
\openout3 = `uio-master.toc'.

 [2]
(uio-master.lof)
\tf@lof=\write4
\openout4 = `uio-master.lof'.

 [3

]
Chapter 1.
[4

]
Chapter 2.

Underfull \hbox (badness 10000) in paragraph at lines 57--58

 []

[5

]
<../diagrams/drawio/domains.png, id=38, 605.26125pt x 355.3275pt>
File: ../diagrams/drawio/domains.png Graphic file (type png)
<use ../diagrams/drawio/domains.png>
Package pdftex.def Info: ../diagrams/drawio/domains.png  used on input line 67.

(pdftex.def)             Requested size: 393.41513pt x 230.96013pt.

Overfull \hbox (33.41513pt too wide) in paragraph at lines 67--68
 [][] 
 []


Underfull \hbox (badness 10000) in paragraph at lines 75--76

 []

[6 <../diagrams/drawio/domains.png>]
<../diagrams/drawio/tcphandshake.png, id=45, 489.32813pt x 309.155pt>
File: ../diagrams/drawio/tcphandshake.png Graphic file (type png)
<use ../diagrams/drawio/tcphandshake.png>
Package pdftex.def Info: ../diagrams/drawio/tcphandshake.png  used on input lin
e 92.
(pdftex.def)             Requested size: 366.99518pt x 231.86568pt.

Overfull \hbox (6.99518pt too wide) in paragraph at lines 92--93
 [][] 
 []

[7]
Underfull \hbox (badness 10000) in paragraph at lines 98--99

 []

[8 <../diagrams/drawio/tcphandshake.png>]
Underfull \hbox (badness 10000) in paragraph at lines 106--107

 []

<../diagrams/graphs/tcp_mmwave_blockage.png, id=53, 258.9675pt x 92.345pt>
File: ../diagrams/graphs/tcp_mmwave_blockage.png Graphic file (type png)
<use ../diagrams/graphs/tcp_mmwave_blockage.png>
Package pdftex.def Info: ../diagrams/graphs/tcp_mmwave_blockage.png  used on in
put line 111.
(pdftex.def)             Requested size: 323.70854pt x 115.43094pt.
[9 <../diagrams/graphs/tcp_mmwave_blockage.png>]
Underfull \hbox (badness 10000) in paragraph at lines 121--122

 []


Underfull \hbox (badness 10000) in paragraph at lines 123--126

 []


Underfull \hbox (badness 10000) in paragraph at lines 123--126

 []


Underfull \hbox (badness 10000) in paragraph at lines 128--129

 []

[10]
Underfull \hbox (badness 10000) in paragraph at lines 140--141

 []


Underfull \hbox (badness 10000) in paragraph at lines 142--143

 []

LaTeX Font Info:    Trying to load font information for T1+cmtt on input line 1
44.
(C:\Users\Joe Bayer\AppData\Local\Programs\MiKTeX\tex/latex/base\t1cmtt.fd
File: t1cmtt.fd 2019/12/16 v2.5j Standard LaTeX font definitions
)
[11]
<../diagrams/drawio/pep_satellite.png, id=66, 700.6175pt x 343.2825pt>
File: ../diagrams/drawio/pep_satellite.png Graphic file (type png)
<use ../diagrams/drawio/pep_satellite.png>
Package pdftex.def Info: ../diagrams/drawio/pep_satellite.png  used on input li
ne 157.
(pdftex.def)             Requested size: 350.30789pt x 171.64082pt.
 [12 <../diagrams/drawio/pep_satellite.png>]
Overfull \hbox (5.0861pt too wide) in paragraph at lines 170--171
\T1/cmr/m/n/10.95 Thing that makes Linux truly ex-ten-si-ble are Load-able Ker-
nel Mod-ules (LKM).
 []


Underfull \hbox (badness 10000) in paragraph at lines 170--171

 []


Overfull \hbox (1.87946pt too wide) in paragraph at lines 172--173
[]\T1/cmr/m/n/10.95 Congestion con-trollers and packet sched-ulers are also usu
-ally im-ple-mented
 []


Underfull \hbox (badness 10000) in paragraph at lines 172--173

 []

[13]
Chapter 3.

Underfull \hbox (badness 10000) in paragraph at lines 177--178

 []


Underfull \hbox (badness 10000) in paragraph at lines 179--180

 []


Underfull \hbox (badness 10000) in paragraph at lines 185--186

 []

[14

]
Underfull \hbox (badness 10000) in paragraph at lines 189--190

 []


Overfull \hbox (5.03458pt too wide) in paragraph at lines 199--200
\T1/cmr/m/n/10.95 the op-ti-mal lan-guage for high per-for-mance sys-tem since 
its cre-ation in 1972. [[]]
 []


Underfull \hbox (badness 10000) in paragraph at lines 202--203

 []

[15] [16]
Underfull \hbox (badness 10000) in paragraph at lines 226--232

 []


Underfull \hbox (badness 10000) in paragraph at lines 226--232

 []

[17]
<../diagrams/drawio/tcphandshake_primitiv.png, id=90, 503.8825pt x 298.11375pt>

File: ../diagrams/drawio/tcphandshake_primitiv.png Graphic file (type png)
<use ../diagrams/drawio/tcphandshake_primitiv.png>
Package pdftex.def Info: ../diagrams/drawio/tcphandshake_primitiv.png  used on 
input line 241.
(pdftex.def)             Requested size: 377.91095pt x 223.58476pt.

Overfull \hbox (17.91095pt too wide) in paragraph at lines 241--242
 [][] 
 []


Underfull \hbox (badness 10000) in paragraph at lines 247--249

 []

[18 <../diagrams/drawio/tcphandshake_primitiv.png>]
Underfull \hbox (badness 10000) in paragraph at lines 254--255

 []

<../diagrams/drawio/tcphandshake_optimal.png, id=95, 487.8225pt x 191.71625pt>
File: ../diagrams/drawio/tcphandshake_optimal.png Graphic file (type png)
<use ../diagrams/drawio/tcphandshake_optimal.png>
Package pdftex.def Info: ../diagrams/drawio/tcphandshake_optimal.png  used on i
nput line 261.
(pdftex.def)             Requested size: 365.86597pt x 143.78682pt.

Overfull \hbox (5.86597pt too wide) in paragraph at lines 261--262
 [][] 
 []


Underfull \hbox (badness 10000) in paragraph at lines 279--279
[]\T1/cmr/m/n/10.95 Connection
 []


Underfull \hbox (badness 10000) in paragraph at lines 279--279
[]\T1/cmr/m/n/10.95 Special
 []


Overfull \hbox (0.62038pt too wide) in paragraph at lines 279--280
[]\T1/cmr/m/n/10.95 Transparent| 
 []


Overfull \hbox (43.43303pt too wide) in paragraph at lines 273--290
[] 
 []

[19] [20 <../diagrams/drawio/tcphandshake_optimal.png>]
Chapter 4.

(C:\Users\Joe Bayer\AppData\Local\Programs\MiKTeX\tex/latex/listings\lstlang1.s
ty
File: lstlang1.sty 2020/03/24 1.8d listings language file
)
(C:\Users\Joe Bayer\AppData\Local\Programs\MiKTeX\tex/latex/listings\lstmisc.st
y
File: lstmisc.sty 2020/03/24 1.8d (Carsten Heinz)
) [21

] [22]
Chapter 5.
[23

]
Underfull \hbox (badness 10000) in paragraph at lines 378--379

 []

<../diagrams/graphs/initial_udp_latency_timeseries.pdf, id=114, 443.95862pt x 3
19.3418pt>
File: ../diagrams/graphs/initial_udp_latency_timeseries.pdf Graphic file (type 
pdf)
<use ../diagrams/graphs/initial_udp_latency_timeseries.pdf>
Package pdftex.def Info: ../diagrams/graphs/initial_udp_latency_timeseries.pdf 
 used on input line 383.
(pdftex.def)             Requested size: 221.97876pt x 159.6705pt.

Underfull \hbox (badness 10000) in paragraph at lines 389--391

 []

[24 <../diagrams/graphs/initial_udp_latency_timeseries.pdf>] [25]
Chapter 6.
(uio-master.bbl [26

] [27

]) [28] (uio-master.aux)

LaTeX Warning: There were multiply-defined labels.

 ) 
Here is how much of TeX's memory you used:
 4878 strings out of 478338
 79757 string characters out of 2834776
 678261 words of memory out of 3000000
 23217 multiletter control sequences out of 15000+600000
 500767 words of font info for 73 fonts, out of 8000000 for 9000
 1141 hyphenation exceptions out of 8191
 70i,10n,76p,784b,1235s stack positions out of 10000i,1000n,20000p,200000b,80000s
{C:/Users/Joe Bayer/AppData/Local/Programs/MiKTeX/fonts/enc/dvips/cm-super/cm
-super-t1.enc}{C:/Users/Joe Bayer/AppData/Local/Programs/MiKTeX/fonts/enc/dvips
/cm-super/cm-super-ts1.enc}{C:/Users/Joe Bayer/AppData/Local/Programs/MiKTeX/fo
nts/enc/dvips/base/8r.enc}<C:/Users/Joe Bayer/AppData/Local/Programs/MiKTeX/fon
ts/type1/public/cm-super/sfbx1095.pfb><C:/Users/Joe Bayer/AppData/Local/Program
s/MiKTeX/fonts/type1/public/cm-super/sfbx1200.pfb><C:/Users/Joe Bayer/AppData/L
ocal/Programs/MiKTeX/fonts/type1/public/cm-super/sfbx1440.pfb><C:/Users/Joe Bay
er/AppData/Local/Programs/MiKTeX/fonts/type1/public/cm-super/sfbx2074.pfb><C:/U
sers/Joe Bayer/AppData/Local/Programs/MiKTeX/fonts/type1/public/cm-super/sfbx24
88.pfb><C:/Users/Joe Bayer/AppData/Local/Programs/MiKTeX/fonts/type1/public/cm-
super/sfrm0600.pfb><C:/Users/Joe Bayer/AppData/Local/Programs/MiKTeX/fonts/type
1/public/cm-super/sfrm0800.pfb><C:/Users/Joe Bayer/AppData/Local/Programs/MiKTe
X/fonts/type1/public/cm-super/sfrm0900.pfb><C:/Users/Joe Bayer/AppData/Local/Pr
ograms/MiKTeX/fonts/type1/public/cm-super/sfrm1095.pfb><C:/Users/Joe Bayer/AppD
ata/Local/Programs/MiKTeX/fonts/type1/public/cm-super/sfti1095.pfb><C:/Users/Jo
e Bayer/AppData/Local/Programs/MiKTeX/fonts/type1/public/cm-super/sftt0900.pfb>
<C:/Users/Joe Bayer/AppData/Local/Programs/MiKTeX/fonts/type1/public/cm-super/s
ftt1095.pfb><C:/Users/Joe Bayer/AppData/Local/Programs/MiKTeX/fonts/type1/urw/h
elvetic/uhvb8a.pfb><C:/Users/Joe Bayer/AppData/Local/Programs/MiKTeX/fonts/type
1/urw/helvetic/uhvr8a.pfb>
Output written on uio-master.pdf (30 pages, 762191 bytes).
PDF statistics:
 230 PDF objects out of 1000 (max. 8388607)
 0 named destinations out of 1000 (max. 500000)
 46 words of extra memory for PDF output out of 10000 (max. 10000000)

