\BOOKMARK [0][-]{chapter.1}{\376\377\000I\000n\000t\000r\000o}{}% 1
\BOOKMARK [1][-]{section.1.1}{\376\377\000M\000o\000t\000i\000v\000a\000t\000i\000o\000n}{chapter.1}% 2
\BOOKMARK [1][-]{section.1.2}{\376\377\000P\000r\000o\000b\000l\000e\000m\000\040\000S\000t\000a\000t\000e\000m\000e\000n\000t}{chapter.1}% 3
\BOOKMARK [1][-]{section.1.3}{\376\377\000O\000r\000g\000a\000n\000i\000z\000a\000t\000i\000o\000n}{chapter.1}% 4
\BOOKMARK [0][-]{chapter.2}{\376\377\000B\000a\000c\000k\000g\000r\000o\000u\000n\000d}{}% 5
\BOOKMARK [1][-]{section.2.1}{\376\377\000T\000C\000P\000/\000I\000P}{chapter.2}% 6
\BOOKMARK [2][-]{subsection.2.1.1}{\376\377\000C\000o\000n\000g\000e\000s\000t\000i\000o\000n\000\040\000C\000o\000n\000t\000r\000o\000l}{section.2.1}% 7
\BOOKMARK [2][-]{subsection.2.1.2}{\376\377\0003\000\040\000W\000a\000y\000\040\000h\000a\000n\000d\000s\000h\000a\000k\000e\000\040\000\050\0000\000\040\000R\000T\000T\000\051}{section.2.1}% 8
\BOOKMARK [2][-]{subsection.2.1.3}{\376\377\000T\000C\000P\000\040\000O\000p\000t\000i\000o\000n\000s\000\040\000a\000n\000d\000\040\000F\000a\000s\000t\000\040\000O\000p\000e\000n}{section.2.1}% 9
\BOOKMARK [1][-]{section.2.2}{\376\377\000T\000h\000e\000\040\000f\000u\000t\000u\000r\000e\000\040\000o\000f\000\040\000w\000i\000r\000e\000l\000e\000s\000s\000\040\000c\000o\000m\000m\000u\000n\000i\000c\000a\000t\000i\000o\000n\000.}{chapter.2}% 10
\BOOKMARK [2][-]{subsection.2.2.1}{\376\377\0005\000G\000\040\000M\000i\000l\000l\000i\000m\000e\000t\000r\000e\000\040\000W\000a\000v\000e}{section.2.2}% 11
\BOOKMARK [2][-]{subsection.2.2.2}{\376\377\000B\000u\000f\000f\000e\000r\000i\000n\000g}{section.2.2}% 12
\BOOKMARK [2][-]{subsection.2.2.3}{\376\377\000N\000o\000n\000-\000I\000n\000t\000e\000r\000a\000c\000t\000i\000v\000e\000\040\000A\000p\000p\000l\000i\000c\000a\000t\000i\000o\000n\000s}{section.2.2}% 13
\BOOKMARK [1][-]{section.2.3}{\376\377\000P\000r\000o\000x\000y}{chapter.2}% 14
\BOOKMARK [2][-]{subsection.2.3.1}{\376\377\000P\000E\000P}{section.2.3}% 15
\BOOKMARK [2][-]{subsection.2.3.2}{\376\377\000P\000E\000P\000\040\000f\000o\000r\000\040\000w\000i\000r\000e\000l\000e\000s\000s\000\040\000c\000o\000m\000m\000u\000n\000i\000c\000a\000t\000i\000o\000n}{section.2.3}% 16
\BOOKMARK [2][-]{subsection.2.3.3}{\376\377\000T\000r\000a\000n\000s\000p\000a\000r\000e\000n\000t\000\040\000v\000s\000\040\000N\000o\000n\000-\000T\000r\000a\000n\000s\000p\000a\000r\000e\000n\000t}{section.2.3}% 17
\BOOKMARK [1][-]{section.2.4}{\376\377\000L\000i\000n\000u\000x}{chapter.2}% 18
\BOOKMARK [2][-]{subsection.2.4.1}{\376\377\000K\000e\000r\000n\000e\000l\000\040\000M\000o\000d\000u\000l\000e\000s}{section.2.4}% 19
\BOOKMARK [2][-]{subsection.2.4.2}{\376\377\000C\000\040\000P\000r\000o\000g\000r\000a\000m\000m\000i\000n\000g\000\040\000L\000a\000n\000g\000u\000a\000g\000e}{section.2.4}% 20
\BOOKMARK [1][-]{section.2.5}{\376\377\000R\000e\000l\000a\000t\000e\000d\000\040\000W\000o\000r\000k}{chapter.2}% 21
\BOOKMARK [0][-]{chapter.3}{\376\377\000D\000e\000s\000i\000g\000n}{}% 22
\BOOKMARK [1][-]{section.3.1}{\376\377\000J\000u\000s\000t\000i\000f\000i\000c\000a\000t\000i\000o\000n\000\040\000f\000o\000r\000\040\000d\000e\000s\000i\000g\000n\000i\000n\000g\000\040\000a\000\040\000P\000E\000P}{chapter.3}% 23
\BOOKMARK [1][-]{section.3.2}{\376\377\000P\000e\000r\000f\000o\000r\000m\000a\000n\000c\000e}{chapter.3}% 24
\BOOKMARK [2][-]{subsection.3.2.1}{\376\377\000P\000r\000o\000g\000r\000a\000m\000m\000i\000n\000g\000\040\000L\000a\000n\000g\000u\000a\000g\000e}{section.3.2}% 25
\BOOKMARK [2][-]{subsection.3.2.2}{\376\377\000K\000e\000r\000n\000e\000l\000\040\000M\000o\000d\000u\000l\000e\000\040\000V\000s\000.\000\040\000U\000s\000e\000r\000s\000p\000a\000c\000e\000\040\000A\000p\000p\000l\000i\000c\000a\000t\000i\000o\000n}{section.3.2}% 26
\BOOKMARK [2][-]{subsection.3.2.3}{\376\377\000C\000o\000n\000n\000e\000c\000t\000i\000o\000n\000\040\000s\000p\000l\000i\000t\000t\000i\000n\000g\000\040\000u\000s\000i\000n\000g\000\040\000S\000o\000c\000k\000e\000t\000s}{section.3.2}% 27
\BOOKMARK [2][-]{subsection.3.2.4}{\376\377\000B\000a\000n\000d\000w\000i\000d\000t\000h\000\040\000u\000t\000i\000l\000i\000z\000a\000t\000i\000o\000n}{section.3.2}% 28
\BOOKMARK [2][-]{subsection.3.2.5}{\376\377\000P\000E\000P\000\040\000S\000e\000l\000e\000c\000t\000i\000o\000n}{section.3.2}% 29
\BOOKMARK [2][-]{subsection.3.2.6}{\376\377\000C\000o\000n\000n\000e\000c\000t\000i\000o\000n\000\040\000E\000s\000t\000a\000b\000l\000i\000s\000h\000m\000e\000n\000t}{section.3.2}% 30
\BOOKMARK [1][-]{section.3.3}{\376\377\000D\000e\000p\000l\000o\000y\000m\000e\000n\000t\000\040\000\050\000T\000r\000a\000n\000s\000p\000a\000r\000e\000n\000c\000y\000\051}{chapter.3}% 31
\BOOKMARK [2][-]{subsection.3.3.1}{\376\377\000T\000r\000a\000n\000s\000p\000a\000r\000e\000n\000t\000\040\000P\000E\000P}{section.3.3}% 32
\BOOKMARK [2][-]{subsection.3.3.2}{\376\377\000N\000o\000n\000\040\000T\000r\000a\000n\000s\000p\000a\000r\000e\000n\000t\000\040\000P\000E\000P}{section.3.3}% 33
\BOOKMARK [1][-]{section.3.4}{\376\377\000B\000u\000f\000f\000e\000r\000i\000n\000g}{chapter.3}% 34
\BOOKMARK [2][-]{subsection.3.4.1}{\376\377\000S\000o\000c\000k\000e\000t\000\040\000b\000u\000f\000f\000e\000r\000s}{section.3.4}% 35
\BOOKMARK [1][-]{section.3.5}{\376\377\000A\000Q\000M\000\040\000\046\000\040\000S\000c\000h\000e\000d\000u\000l\000i\000n\000g}{chapter.3}% 36
\BOOKMARK [1][-]{section.3.6}{\376\377\000S\000e\000c\000u\000r\000i\000t\000y}{chapter.3}% 37
\BOOKMARK [1][-]{section.3.7}{\376\377\000S\000u\000m\000m\000a\000r\000y}{chapter.3}% 38
\BOOKMARK [0][-]{chapter.4}{\376\377\000I\000m\000p\000l\000e\000m\000e\000n\000t\000a\000t\000i\000o\000n}{}% 39
\BOOKMARK [1][-]{section.4.1}{\376\377\000K\000e\000r\000n\000e\000l\000\040\000M\000o\000d\000u\000l\000e}{chapter.4}% 40
\BOOKMARK [2][-]{subsection.4.1.1}{\376\377\000K\000e\000r\000n\000e\000l\000\040\000H\000o\000o\000k\000s}{section.4.1}% 41
\BOOKMARK [2][-]{subsection.4.1.2}{\376\377\000L\000i\000n\000u\000x\000\040\000V\000e\000r\000s\000i\000o\000n\000\040\000a\000n\000d\000\040\000D\000i\000s\000t\000r\000i\000b\000u\000t\000i\000o\000n}{section.4.1}% 42
\BOOKMARK [1][-]{section.4.2}{\376\377\000T\000L\000V\000\040\000L\000i\000b\000r\000a\000r\000y}{chapter.4}% 43
\BOOKMARK [2][-]{subsection.4.2.1}{\376\377\000C\000u\000s\000t\000o\000m\000\040\000c\000o\000n\000n\000e\000c\000t\000\040\000f\000u\000n\000c\000t\000i\000o\000n}{section.4.2}% 44
\BOOKMARK [2][-]{subsection.4.2.2}{\376\377\000T\000L\000V}{section.4.2}% 45
\BOOKMARK [2][-]{subsection.4.2.3}{\376\377\000T\000L\000V\000\040\000O\000p\000t\000i\000o\000n\000s}{section.4.2}% 46
\BOOKMARK [2][-]{subsection.4.2.4}{\376\377\000S\000h\000a\000r\000e\000d\000\040\000L\000i\000b\000r\000a\000r\000y}{section.4.2}% 47
\BOOKMARK [1][-]{section.4.3}{\376\377\000P\000E\000P\000\040\000-\000\040\000I\000n\000t\000e\000r\000n\000a\000l\000s}{chapter.4}% 48
\BOOKMARK [2][-]{subsection.4.3.1}{\376\377\000A\000r\000c\000h\000i\000t\000e\000c\000t\000u\000r\000e}{section.4.3}% 49
\BOOKMARK [2][-]{subsection.4.3.2}{\376\377\000K\000e\000r\000n\000e\000l\000\040\000S\000o\000c\000k\000e\000t\000s}{section.4.3}% 50
\BOOKMARK [2][-]{subsection.4.3.3}{\376\377\000W\000o\000r\000k\000\040\000Q\000u\000e\000u\000e\000s}{section.4.3}% 51
\BOOKMARK [2][-]{subsection.4.3.4}{\376\377\000W\000o\000r\000k\000s}{section.4.3}% 52
\BOOKMARK [2][-]{subsection.4.3.5}{\376\377\000K\000e\000r\000n\000e\000l\000\040\000T\000C\000P\000\040\000r\000e\000c\000e\000i\000v\000e\000\040\000a\000n\000d\000\040\000s\000e\000n\000d}{section.4.3}% 53
\BOOKMARK [1][-]{section.4.4}{\376\377\000P\000E\000P\000\040\000-\000\040\000S\000e\000r\000v\000e\000r}{chapter.4}% 54
\BOOKMARK [2][-]{subsection.4.4.1}{\376\377\000C\000r\000e\000a\000t\000i\000o\000n}{section.4.4}% 55
\BOOKMARK [2][-]{subsection.4.4.2}{\376\377\000S\000e\000r\000v\000e\000r\000\040\000i\000n\000i\000t\000i\000a\000l\000i\000z\000a\000t\000i\000o\000n}{section.4.4}% 56
\BOOKMARK [2][-]{subsection.4.4.3}{\376\377\000A\000c\000c\000e\000p\000t\000\040\000a\000n\000d\000\040\000E\000n\000d\000p\000o\000i\000n\000t\000\040\000c\000o\000n\000n\000e\000c\000t\000i\000o\000n}{section.4.4}% 57
\BOOKMARK [2][-]{subsection.4.4.4}{\376\377\000M\000u\000l\000t\000i\000p\000l\000e\000\040\000S\000e\000r\000v\000e\000r\000s}{section.4.4}% 58
\BOOKMARK [1][-]{section.4.5}{\376\377\000P\000E\000P\000\040\000-\000\040\000C\000l\000i\000e\000n\000t\000s}{chapter.4}% 59
\BOOKMARK [2][-]{subsection.4.5.1}{\376\377\000C\000l\000i\000e\000n\000t\000\040\000S\000o\000c\000k\000e\000t\000s\000\040\000-\000\040\000E\000n\000d\000p\000o\000i\000n\000t\000\040\000S\000o\000c\000k\000e\000t\000s}{section.4.5}% 60
\BOOKMARK [2][-]{subsection.4.5.2}{\376\377\000P\000E\000P\000\040\000C\000o\000n\000n\000e\000c\000t\000i\000o\000n\000s}{section.4.5}% 61
\BOOKMARK [2][-]{subsection.4.5.3}{\376\377\000M\000o\000d\000u\000l\000e\000\040\000C\000u\000s\000t\000o\000m\000i\000z\000a\000t\000i\000o\000n}{section.4.5}% 62
\BOOKMARK [2][-]{subsection.4.5.4}{\376\377\000S\000y\000s\000t\000e\000m\000\040\000C\000o\000n\000f\000i\000g\000u\000r\000a\000t\000i\000o\000n\000s}{section.4.5}% 63
\BOOKMARK [2][-]{subsection.4.5.5}{\376\377\000U\000s\000e\000r\000s\000p\000a\000c\000e\000?}{section.4.5}% 64
\BOOKMARK [2][-]{subsection.4.5.6}{\376\377\000T\000h\000r\000e\000a\000d\000s\000\040\000V\000s\000.\000\040\000C\000a\000l\000l\000b\000a\000c\000k\000s}{section.4.5}% 65
\BOOKMARK [2][-]{subsection.4.5.7}{\376\377\000U\000s\000i\000n\000g\000\040\000N\000e\000t\000f\000i\000l\000t\000e\000r}{section.4.5}% 66
\BOOKMARK [1][-]{section.4.6}{\376\377\000M\000e\000m\000o\000r\000y}{chapter.4}% 67
\BOOKMARK [0][-]{chapter.5}{\376\377\000E\000v\000a\000l\000u\000a\000t\000i\000o\000n}{}% 68
\BOOKMARK [1][-]{section.5.1}{\376\377\000T\000r\000a\000f\000f\000i\000c\000\040\000C\000o\000n\000t\000r\000o\000l\000\040\000O\000p\000t\000i\000o\000n\000s}{chapter.5}% 69
\BOOKMARK [1][-]{section.5.2}{\376\377\000I\000n\000i\000t\000i\000a\000l\000\040\000t\000e\000s\000t}{chapter.5}% 70
\BOOKMARK [2][-]{subsection.5.2.1}{\376\377\000T\000e\000s\000t\000b\000e\000d}{section.5.2}% 71
\BOOKMARK [2][-]{subsection.5.2.2}{\376\377\000H\000o\000s\000t\000s\000\040\000a\000n\000d\000\040\000H\000a\000r\000d\000w\000a\000r\000e}{section.5.2}% 72
\BOOKMARK [2][-]{subsection.5.2.3}{\376\377\000C\000o\000n\000f\000i\000g\000u\000r\000a\000t\000i\000o\000n}{section.5.2}% 73
\BOOKMARK [2][-]{subsection.5.2.4}{\376\377\000E\000x\000p\000e\000r\000i\000m\000e\000n\000t\000\040\000P\000r\000o\000c\000e\000d\000u\000r\000e}{section.5.2}% 74
\BOOKMARK [2][-]{subsection.5.2.5}{\376\377\000R\000e\000s\000u\000l\000t\000s\000\040\000\046\000\040\000A\000n\000a\000l\000y\000s\000i\000s}{section.5.2}% 75
\BOOKMARK [1][-]{section.5.3}{\376\377\000U\000s\000i\000n\000g\000\040\000r\000e\000a\000l\000\040\0005\000G\000\040\000t\000r\000a\000c\000e\000s}{chapter.5}% 76
\BOOKMARK [2][-]{subsection.5.3.1}{\376\377\000T\000r\000a\000c\000e\000s}{section.5.3}% 77
\BOOKMARK [2][-]{subsection.5.3.2}{\376\377\000T\000o\000p\000o\000l\000o\000g\000y}{section.5.3}% 78
\BOOKMARK [2][-]{subsection.5.3.3}{\376\377\000S\000c\000e\000n\000a\000r\000i\000o\000s}{section.5.3}% 79
\BOOKMARK [2][-]{subsection.5.3.4}{\376\377\000V\000a\000l\000i\000d\000a\000t\000i\000o\000n}{section.5.3}% 80
\BOOKMARK [2][-]{subsection.5.3.5}{\376\377\000E\000x\000p\000e\000r\000i\000m\000e\000n\000t\000\040\000p\000r\000o\000c\000e\000d\000u\000r\000e}{section.5.3}% 81
\BOOKMARK [2][-]{subsection.5.3.6}{\376\377\000R\000e\000s\000u\000l\000t\000s}{section.5.3}% 82
\BOOKMARK [0][-]{chapter.6}{\376\377\000C\000o\000n\000c\000l\000u\000s\000i\000o\000n\000\040\000\046\000\040\000F\000u\000t\000u\000r\000e\000\040\000W\000o\000r\000k}{}% 83
